# JRE version: OpenJDK Runtime Environment Homebrew (21.0.3) (build 21.0.3)
# Java VM: OpenJDK 64-Bit Server VM Homebrew (21.0.3, mixed mode, sharing, tiered, compressed oops, compressed class ptrs, g1 gc, bsd-aarch64)
Heap:
 garbage-first heap   total 40960K, used 18596K [0x0000000780000000, 0x0000000800000000)
  region size 1024K, 3 young (3072K), 0 survivors (0K)
 Metaspace       used 19649K, committed 20032K, reserved 1114112K
  class space    used 2973K, committed 3136K, reserved 1048576K
GC Heap History (18 events):
Event: 5.277 GC heap before
{Heap before GC invocations=0 (full 0):
 garbage-first heap   total 133120K, used 23564K [0x0000000780000000, 0x0000000800000000)
  region size 1024K, 23 young (23552K), 0 survivors (0K)
 Metaspace       used 5519K, committed 5760K, reserved 1114112K
  class space    used 725K, committed 832K, reserved 1048576K
}
Event: 5.278 GC heap after
{Heap after GC invocations=1 (full 0):
 garbage-first heap   total 133120K, used 5019K [0x0000000780000000, 0x0000000800000000)
  region size 1024K, 3 young (3072K), 3 survivors (3072K)
 Metaspace       used 5519K, committed 5760K, reserved 1114112K
  class space    used 725K, committed 832K, reserved 1048576K
}
Event: 5.699 GC heap before
{Heap before GC invocations=1 (full 0):
 garbage-first heap   total 133120K, used 43931K [0x0000000780000000, 0x0000000800000000)
  region size 1024K, 42 young (43008K), 3 survivors (3072K)
 Metaspace       used 13320K, committed 13568K, reserved 1114112K
  class space    used 2205K, committed 2304K, reserved 1048576K
}
Event: 5.701 GC heap after
{Heap after GC invocations=2 (full 0):
 garbage-first heap   total 133120K, used 8091K [0x0000000780000000, 0x0000000800000000)
  region size 1024K, 6 young (6144K), 6 survivors (6144K)
 Metaspace       used 13320K, committed 13568K, reserved 1114112K
  class space    used 2205K, committed 2304K, reserved 1048576K
}
Event: 16.033 GC heap before
{Heap before GC invocations=2 (full 0):
 garbage-first heap   total 133120K, used 33691K [0x0000000780000000, 0x0000000800000000)
  region size 1024K, 31 young (31744K), 6 survivors (6144K)
 Metaspace       used 17860K, committed 18176K, reserved 1114112K
  class space    used 2744K, committed 2880K, reserved 1048576K
}
Event: 16.041 GC heap after
{Heap after GC invocations=3 (full 1):
 garbage-first heap   total 48128K, used 10818K [0x0000000780000000, 0x0000000800000000)
  region size 1024K, 0 young (0K), 0 survivors (0K)
 Metaspace       used 17860K, committed 18176K, reserved 1114112K
  class space    used 2744K, committed 2880K, reserved 1048576K
}
Event: 16.063 GC heap before
{Heap before GC invocations=3 (full 1):
 garbage-first heap   total 48128K, used 12866K [0x0000000780000000, 0x0000000800000000)
  region size 1024K, 3 young (3072K), 0 survivors (0K)
 Metaspace       used 18647K, committed 18944K, reserved 1114112K
  class space    used 2824K, committed 2944K, reserved 1048576K
}
Event: 16.071 GC heap after
{Heap after GC invocations=4 (full 2):
 garbage-first heap   total 40960K, used 10894K [0x0000000780000000, 0x0000000800000000)
  region size 1024K, 0 young (0K), 0 survivors (0K)
 Metaspace       used 18647K, committed 18944K, reserved 1114112K
  class space    used 2824K, committed 2944K, reserved 1048576K
}
Event: 16.076 GC heap before
{Heap before GC invocations=4 (full 2):
 garbage-first heap   total 40960K, used 10894K [0x0000000780000000, 0x0000000800000000)
  region size 1024K, 1 young (1024K), 0 survivors (0K)
 Metaspace       used 18654K, committed 18944K, reserved 1114112K
  class space    used 2824K, committed 2944K, reserved 1048576K
}
Event: 16.083 GC heap after
{Heap after GC invocations=5 (full 3):
 garbage-first heap   total 40960K, used 10892K [0x0000000780000000, 0x0000000800000000)
  region size 1024K, 0 young (0K), 0 survivors (0K)
 Metaspace       used 18654K, committed 18944K, reserved 1114112K
  class space    used 2824K, committed 2944K, reserved 1048576K
}
Event: 19.647 GC heap before
{Heap before GC invocations=5 (full 3):
 garbage-first heap   total 40960K, used 19084K [0x0000000780000000, 0x0000000800000000)
  region size 1024K, 6 young (6144K), 0 survivors (0K)
 Metaspace       used 19241K, committed 19520K, reserved 1114112K
  class space    used 2943K, committed 3072K, reserved 1048576K
}
Event: 19.660 GC heap after
{Heap after GC invocations=6 (full 4):
 garbage-first heap   total 40960K, used 12368K [0x0000000780000000, 0x0000000800000000)
  region size 1024K, 0 young (0K), 0 survivors (0K)
 Metaspace       used 19241K, committed 19520K, reserved 1114112K
  class space    used 2943K, committed 3072K, reserved 1048576K
}
Event: 22.710 GC heap before
{Heap before GC invocations=6 (full 4):
 garbage-first heap   total 40960K, used 17488K [0x0000000780000000, 0x0000000800000000)
  region size 1024K, 2 young (2048K), 0 survivors (0K)
 Metaspace       used 19337K, committed 19648K, reserved 1114112K
  class space    used 2954K, committed 3072K, reserved 1048576K
}
Event: 22.711 GC heap after
{Heap after GC invocations=7 (full 4):
 garbage-first heap   total 40960K, used 16149K [0x0000000780000000, 0x0000000800000000)
  region size 1024K, 1 young (1024K), 1 survivors (1024K)
 Metaspace       used 19337K, committed 19648K, reserved 1114112K
  class space    used 2954K, committed 3072K, reserved 1048576K
}
Event: 26.234 GC heap before
{Heap before GC invocations=7 (full 4):
 garbage-first heap   total 40960K, used 20245K [0x0000000780000000, 0x0000000800000000)
  region size 1024K, 2 young (2048K), 1 survivors (1024K)
 Metaspace       used 19372K, committed 19648K, reserved 1114112K
  class space    used 2956K, committed 3072K, reserved 1048576K
}
Event: 26.243 GC heap after
{Heap after GC invocations=8 (full 5):
 garbage-first heap   total 40960K, used 16498K [0x0000000780000000, 0x0000000800000000)
  region size 1024K, 0 young (0K), 0 survivors (0K)
 Metaspace       used 19372K, committed 19648K, reserved 1114112K
  class space    used 2956K, committed 3072K, reserved 1048576K
}
Event: 46.321 GC heap before
{Heap before GC invocations=8 (full 5):
 garbage-first heap   total 40960K, used 18546K [0x0000000780000000, 0x0000000800000000)
  region size 1024K, 3 young (3072K), 0 survivors (0K)
 Metaspace       used 19586K, committed 19840K, reserved 1114112K
  class space    used 2967K, committed 3072K, reserved 1048576K
}
Event: 46.330 GC heap after
{Heap after GC invocations=9 (full 6):
 garbage-first heap   total 40960K, used 16548K [0x0000000780000000, 0x0000000800000000)
  region size 1024K, 0 young (0K), 0 survivors (0K)
 Metaspace       used 19586K, committed 19840K, reserved 1114112K
  class space    used 2967K, committed 3072K, reserved 1048576K
}

